<?xml version="1.0" encoding="UTF-8"?>
<!-- Generated by org.testng.reporters.JUnitReportReporter -->
<testsuite hostname="DESKTOP-IE4UORG" failures="0" tests="1" name="org.test.unit.UnitTest" time="0.014" errors="0" timestamp="25 Feb 2023 17:13:22 GMT" skipped="0">
  <testcase classname="org.test.unit.UnitTest" name="tc1" time="0.014"/>
</testsuite> <!-- org.test.unit.UnitTest -->
